<test-run id="2" testcasecount="17" result="Passed" start-time="2022-10-05 18:55:45.952967" end-time="2022-10-05 18:57:44.895575" duration="118" total="17" passed="16" failed="1" inconclusive="0" skipped="0" asserts="0" clr-version="3.10.5 (tags/v3.10.5:f377153, Jun  6 2022, 16:14:13) [MSC v.1929 64 bit (AMD64)]" engine-version="3.6.2"><command-line>C:\Users\logan.ferrera\AppData\Local\Programs\Python\Python310\Scripts\pytest --html=.\reports\Report.html --self-contained-html --doctest-modules --nunitxml=nunit/test-results.xml -n 3</command-line><filter /><test-suite id="tests/test_reviews_page.py" name="tests/test_reviews_page.py" fullname="tests/test_reviews_page.py" methodname="" classname="" runstate="Runnable" type="Assembly" testcasecount="17" result="Passed" label="" start-time="2022-10-05 18:55:58.276680" end-time="2022-10-05 18:57:44.820575" duration="106.543895" asserts="0" total="17" passed="16" failed="1" warnings="0" inconclusive="0" skipped="0"><properties><property name="python_version" value="3.10.5 (tags/v3.10.5:f377153, Jun  6 2022, 16:14:13) [MSC v.1929 64 bit (AMD64)]" /></properties><test-case id="100" name="tests/test_reviews_page.py::Test_Reviews_Page::test_view_1_header[firefox]" fullname="tests/test_reviews_page.py::Test_Reviews_Page::test_view_1_header[firefox]" methodname="test_view_1_header[firefox]" classname="Test_Reviews_Page" runstate="Runnable" seed="1" result="Passed" label="" start-time="2022-10-05 18:55:58.276680" end-time="2022-10-05 18:56:03.418959" duration="5.142279" asserts="0"><properties><property name="python-version" value="3.10.5 (tags/v3.10.5:f377153, Jun  6 2022, 16:14:13) [MSC v.1929 64 bit (AMD64)]" /><property name="fspath" value="tests/test_reviews_page.py" /></properties><environment framework-version="3.6.2" clr-version="3.10.5 (tags/v3.10.5:f377153, Jun  6 2022, 16:14:13) [MSC v.1929 64 bit (AMD64)]" os-version="10" platform="Windows" cwd="C:\Users\logan.ferrera\Desktop\SeleniumAzure" machine-name="AMD64" user="" user-domain="" culture="en_US" uiculture="en_US" os-architecture="64bit" /><failure><message><![CDATA[[gw1] win32 -- Python 3.10.5 C:\Users\logan.ferrera\AppData\Local\Programs\Python\Python310\python.exe]]></message><stack-trace><![CDATA[None]]></stack-trace></failure><reason><message><![CDATA[]]></message></reason><output><![CDATA[]]></output></test-case><test-case id="101" name="tests/test_reviews_page.py::Test_Reviews_Page::test_view_1_rating_values[firefox]" fullname="tests/test_reviews_page.py::Test_Reviews_Page::test_view_1_rating_values[firefox]" methodname="test_view_1_rating_values[firefox]" classname="Test_Reviews_Page" runstate="Runnable" seed="1" result="Passed" label="" start-time="2022-10-05 18:56:01.064513" end-time="2022-10-05 18:56:05.281775" duration="4.217262" asserts="0"><properties><property name="python-version" value="3.10.5 (tags/v3.10.5:f377153, Jun  6 2022, 16:14:13) [MSC v.1929 64 bit (AMD64)]" /><property name="fspath" value="tests/test_reviews_page.py" /></properties><environment framework-version="3.6.2" clr-version="3.10.5 (tags/v3.10.5:f377153, Jun  6 2022, 16:14:13) [MSC v.1929 64 bit (AMD64)]" os-version="10" platform="Windows" cwd="C:\Users\logan.ferrera\Desktop\SeleniumAzure" machine-name="AMD64" user="" user-domain="" culture="en_US" uiculture="en_US" os-architecture="64bit" /><failure><message><![CDATA[[gw2] win32 -- Python 3.10.5 C:\Users\logan.ferrera\AppData\Local\Programs\Python\Python310\python.exe]]></message><stack-trace><![CDATA[None]]></stack-trace></failure><reason><message><![CDATA[]]></message></reason><output><![CDATA[]]></output></test-case><test-case id="102" name="tests/test_reviews_page.py::Test_Reviews_Page::test_main_header[firefox]" fullname="tests/test_reviews_page.py::Test_Reviews_Page::test_main_header[firefox]" methodname="test_main_header[firefox]" classname="Test_Reviews_Page" runstate="Runnable" seed="1" result="Passed" label="" start-time="2022-10-05 18:56:02.669416" end-time="2022-10-05 18:56:06.193750" duration="3.524334" asserts="0"><properties><property name="python-version" value="3.10.5 (tags/v3.10.5:f377153, Jun  6 2022, 16:14:13) [MSC v.1929 64 bit (AMD64)]" /><property name="fspath" value="tests/test_reviews_page.py" /></properties><environment framework-version="3.6.2" clr-version="3.10.5 (tags/v3.10.5:f377153, Jun  6 2022, 16:14:13) [MSC v.1929 64 bit (AMD64)]" os-version="10" platform="Windows" cwd="C:\Users\logan.ferrera\Desktop\SeleniumAzure" machine-name="AMD64" user="" user-domain="" culture="en_US" uiculture="en_US" os-architecture="64bit" /><failure><message><![CDATA[[gw0] win32 -- Python 3.10.5 C:\Users\logan.ferrera\AppData\Local\Programs\Python\Python310\python.exe]]></message><stack-trace><![CDATA[None]]></stack-trace></failure><reason><message><![CDATA[]]></message></reason><output><![CDATA[]]></output></test-case><test-case id="103" name="tests/test_reviews_page.py::Test_Reviews_Page::test_view_1_rating[firefox]" fullname="tests/test_reviews_page.py::Test_Reviews_Page::test_view_1_rating[firefox]" methodname="test_view_1_rating[firefox]" classname="Test_Reviews_Page" runstate="Runnable" seed="1" result="Passed" label="" start-time="2022-10-05 18:56:15.468082" end-time="2022-10-05 18:56:20.050394" duration="4.582312" asserts="0"><properties><property name="python-version" value="3.10.5 (tags/v3.10.5:f377153, Jun  6 2022, 16:14:13) [MSC v.1929 64 bit (AMD64)]" /><property name="fspath" value="tests/test_reviews_page.py" /></properties><environment framework-version="3.6.2" clr-version="3.10.5 (tags/v3.10.5:f377153, Jun  6 2022, 16:14:13) [MSC v.1929 64 bit (AMD64)]" os-version="10" platform="Windows" cwd="C:\Users\logan.ferrera\Desktop\SeleniumAzure" machine-name="AMD64" user="" user-domain="" culture="en_US" uiculture="en_US" os-architecture="64bit" /><failure><message><![CDATA[[gw1] win32 -- Python 3.10.5 C:\Users\logan.ferrera\AppData\Local\Programs\Python\Python310\python.exe]]></message><stack-trace><![CDATA[None]]></stack-trace></failure><reason><message><![CDATA[]]></message></reason><output><![CDATA[]]></output></test-case><test-case id="104" name="tests/test_reviews_page.py::Test_Reviews_Page::test_view_1_stars[firefox]" fullname="tests/test_reviews_page.py::Test_Reviews_Page::test_view_1_stars[firefox]" methodname="test_view_1_stars[firefox]" classname="Test_Reviews_Page" runstate="Runnable" seed="1" result="Passed" label="" start-time="2022-10-05 18:56:20.243385" end-time="2022-10-05 18:56:24.771246" duration="4.527861" asserts="0"><properties><property name="python-version" value="3.10.5 (tags/v3.10.5:f377153, Jun  6 2022, 16:14:13) [MSC v.1929 64 bit (AMD64)]" /><property name="fspath" value="tests/test_reviews_page.py" /></properties><environment framework-version="3.6.2" clr-version="3.10.5 (tags/v3.10.5:f377153, Jun  6 2022, 16:14:13) [MSC v.1929 64 bit (AMD64)]" os-version="10" platform="Windows" cwd="C:\Users\logan.ferrera\Desktop\SeleniumAzure" machine-name="AMD64" user="" user-domain="" culture="en_US" uiculture="en_US" os-architecture="64bit" /><failure><message><![CDATA[[gw0] win32 -- Python 3.10.5 C:\Users\logan.ferrera\AppData\Local\Programs\Python\Python310\python.exe]]></message><stack-trace><![CDATA[None]]></stack-trace></failure><reason><message><![CDATA[]]></message></reason><output><![CDATA[]]></output></test-case><test-case id="105" name="tests/test_reviews_page.py::Test_Reviews_Page::test_view_1_rating_stars[firefox]" fullname="tests/test_reviews_page.py::Test_Reviews_Page::test_view_1_rating_stars[firefox]" methodname="test_view_1_rating_stars[firefox]" classname="Test_Reviews_Page" runstate="Runnable" seed="1" result="Passed" label="" start-time="2022-10-05 18:56:22.130078" end-time="2022-10-05 18:56:25.805612" duration="3.675534" asserts="0"><properties><property name="python-version" value="3.10.5 (tags/v3.10.5:f377153, Jun  6 2022, 16:14:13) [MSC v.1929 64 bit (AMD64)]" /><property name="fspath" value="tests/test_reviews_page.py" /></properties><environment framework-version="3.6.2" clr-version="3.10.5 (tags/v3.10.5:f377153, Jun  6 2022, 16:14:13) [MSC v.1929 64 bit (AMD64)]" os-version="10" platform="Windows" cwd="C:\Users\logan.ferrera\Desktop\SeleniumAzure" machine-name="AMD64" user="" user-domain="" culture="en_US" uiculture="en_US" os-architecture="64bit" /><failure><message><![CDATA[[gw2] win32 -- Python 3.10.5 C:\Users\logan.ferrera\AppData\Local\Programs\Python\Python310\python.exe]]></message><stack-trace><![CDATA[None]]></stack-trace></failure><reason><message><![CDATA[]]></message></reason><output><![CDATA[]]></output></test-case><test-case id="106" name="tests/test_reviews_page.py::Test_Reviews_Page::test_view_1_number_reviews[firefox]" fullname="tests/test_reviews_page.py::Test_Reviews_Page::test_view_1_number_reviews[firefox]" methodname="test_view_1_number_reviews[firefox]" classname="Test_Reviews_Page" runstate="Runnable" seed="1" result="Passed" label="" start-time="2022-10-05 18:56:32.337778" end-time="2022-10-05 18:56:36.776690" duration="4.438912" asserts="0"><properties><property name="python-version" value="3.10.5 (tags/v3.10.5:f377153, Jun  6 2022, 16:14:13) [MSC v.1929 64 bit (AMD64)]" /><property name="fspath" value="tests/test_reviews_page.py" /></properties><environment framework-version="3.6.2" clr-version="3.10.5 (tags/v3.10.5:f377153, Jun  6 2022, 16:14:13) [MSC v.1929 64 bit (AMD64)]" os-version="10" platform="Windows" cwd="C:\Users\logan.ferrera\Desktop\SeleniumAzure" machine-name="AMD64" user="" user-domain="" culture="en_US" uiculture="en_US" os-architecture="64bit" /><failure><message><![CDATA[[gw1] win32 -- Python 3.10.5 C:\Users\logan.ferrera\AppData\Local\Programs\Python\Python310\python.exe]]></message><stack-trace><![CDATA[None]]></stack-trace></failure><reason><message><![CDATA[]]></message></reason><output><![CDATA[]]></output></test-case><test-case id="107" name="tests/test_reviews_page.py::Test_Reviews_Page::test_view_1_contact_us_button[firefox]" fullname="tests/test_reviews_page.py::Test_Reviews_Page::test_view_1_contact_us_button[firefox]" methodname="test_view_1_contact_us_button[firefox]" classname="Test_Reviews_Page" runstate="Runnable" seed="1" result="Passed" label="" start-time="2022-10-05 18:56:39.314925" end-time="2022-10-05 18:56:45.752979" duration="6.438054" asserts="0"><properties><property name="python-version" value="3.10.5 (tags/v3.10.5:f377153, Jun  6 2022, 16:14:13) [MSC v.1929 64 bit (AMD64)]" /><property name="fspath" value="tests/test_reviews_page.py" /></properties><environment framework-version="3.6.2" clr-version="3.10.5 (tags/v3.10.5:f377153, Jun  6 2022, 16:14:13) [MSC v.1929 64 bit (AMD64)]" os-version="10" platform="Windows" cwd="C:\Users\logan.ferrera\Desktop\SeleniumAzure" machine-name="AMD64" user="" user-domain="" culture="en_US" uiculture="en_US" os-architecture="64bit" /><failure><message><![CDATA[[gw2] win32 -- Python 3.10.5 C:\Users\logan.ferrera\AppData\Local\Programs\Python\Python310\python.exe]]></message><stack-trace><![CDATA[None]]></stack-trace></failure><reason><message><![CDATA[]]></message></reason><output><![CDATA[]]></output></test-case><test-case id="108" name="tests/test_reviews_page.py::Test_Reviews_Page::test_view_1_to_view_2_on_write_review_click[firefox]" fullname="tests/test_reviews_page.py::Test_Reviews_Page::test_view_1_to_view_2_on_write_review_click[firefox]" methodname="test_view_1_to_view_2_on_write_review_click[firefox]" classname="Test_Reviews_Page" runstate="Runnable" seed="1" result="Failed" label="" start-time="2022-10-05 18:56:40.336506" end-time="2022-10-05 18:56:46.135973" duration="5.799467" asserts="0"><properties><property name="python-version" value="3.10.5 (tags/v3.10.5:f377153, Jun  6 2022, 16:14:13) [MSC v.1929 64 bit (AMD64)]" /><property name="fspath" value="tests/test_reviews_page.py" /></properties><environment framework-version="3.6.2" clr-version="3.10.5 (tags/v3.10.5:f377153, Jun  6 2022, 16:14:13) [MSC v.1929 64 bit (AMD64)]" os-version="10" platform="Windows" cwd="C:\Users\logan.ferrera\Desktop\SeleniumAzure" machine-name="AMD64" user="" user-domain="" culture="en_US" uiculture="en_US" os-architecture="64bit" /><failure><message><![CDATA[[gw0] win32 -- Python 3.10.5 C:\Users\logan.ferrera\AppData\Local\Programs\Python\Python310\python.exe

self = &lt;test_reviews_page.Test_Reviews_Page object at 0x000001F446EBBB80&gt;, driver_settings = None

    def test_view_1_to_view_2_on_write_review_click(self, driver_settings):
      review_page = ReviewsPage(self.driver)
&gt;     review_page.close_cookies()

tests\test_reviews_page.py:72: 
_ _ _ _ _ _ _ _ _ _ _ _ _ _ _ _ _ _ _ _ _ _ _ _ _ _ _ _ _ _ _ _ _ _ _ _ _ _ _ _ _ _ _ _ _ _ _ _ _ _ _ _ _ _ _ _ _ _ _ _ _ _ _ _ _ _ _ _ _ _ _ _ _ _ _ _ _ _ _ _ _ _ _ _ _ _ _ _ _ _ _ _ _ _ _ _ _ _ _ _ _ _ _ _ _ _ _ _ _ _ _ _ _ _ _ _ _ 
tests\page_base.py:34: in close_cookies
    close_cookies.click()
..\..\AppData\Local\Programs\Python\Python310\lib\site-packages\selenium\webdriver\remote\webelement.py:88: in click
    self._execute(Command.CLICK_ELEMENT)
..\..\AppData\Local\Programs\Python\Python310\lib\site-packages\selenium\webdriver\remote\webelement.py:396: in _execute
    return self._parent.execute(command, params)
..\..\AppData\Local\Programs\Python\Python310\lib\site-packages\selenium\webdriver\remote\webdriver.py:435: in execute
    self.error_handler.check_response(response)
_ _ _ _ _ _ _ _ _ _ _ _ _ _ _ _ _ _ _ _ _ _ _ _ _ _ _ _ _ _ _ _ _ _ _ _ _ _ _ _ _ _ _ _ _ _ _ _ _ _ _ _ _ _ _ _ _ _ _ _ _ _ _ _ _ _ _ _ _ _ _ _ _ _ _ _ _ _ _ _ _ _ _ _ _ _ _ _ _ _ _ _ _ _ _ _ _ _ _ _ _ _ _ _ _ _ _ _ _ _ _ _ _ _ _ _ _ 

self = &lt;selenium.webdriver.remote.errorhandler.ErrorHandler object at 0x000001F446EBA500&gt;
response = {'status': 400, 'value': '{"value":{"error":"element not interactable","message":"Element &lt;a class=\\"onetrust-close-b...dsChild.jsm:204:29\\nreceiveMessage@chrome://remote/content/marionette/actors/MarionetteCommandsChild.jsm:92:31\\n"}}'}

    def check_response(self, response: Dict[str, Any]) -&gt; None:
        """
        Checks that a JSON response from the WebDriver does not have an error.
    
        :Args:
         - response - The JSON response from the WebDriver server as a dictionary
           object.
    
        :Raises: If the response contains an error message.
        """
        status = response.get('status', None)
        if not status or status == ErrorCode.SUCCESS:
            return
        value = None
        message = response.get("message", "")
        screen: str = response.get("screen", "")
        stacktrace = None
        if isinstance(status, int):
            value_json = response.get('value', None)
            if value_json and isinstance(value_json, str):
                import json
                try:
                    value = json.loads(value_json)
                    if len(value.keys()) == 1:
                        value = value['value']
                    status = value.get('error', None)
                    if not status:
                        status = value.get("status", ErrorCode.UNKNOWN_ERROR)
                        message = value.get("value") or value.get("message")
                        if not isinstance(message, str):
                            value = message
                            message = message.get('message')
                    else:
                        message = value.get('message', None)
                except ValueError:
                    pass
    
        exception_class: Type[WebDriverException]
        if status in ErrorCode.NO_SUCH_ELEMENT:
            exception_class = NoSuchElementException
        elif status in ErrorCode.NO_SUCH_FRAME:
            exception_class = NoSuchFrameException
        elif status in ErrorCode.NO_SUCH_SHADOW_ROOT:
            exception_class = NoSuchShadowRootException
        elif status in ErrorCode.NO_SUCH_WINDOW:
            exception_class = NoSuchWindowException
        elif status in ErrorCode.STALE_ELEMENT_REFERENCE:
            exception_class = StaleElementReferenceException
        elif status in ErrorCode.ELEMENT_NOT_VISIBLE:
            exception_class = ElementNotVisibleException
        elif status in ErrorCode.INVALID_ELEMENT_STATE:
            exception_class = InvalidElementStateException
        elif status in ErrorCode.INVALID_SELECTOR \
                or status in ErrorCode.INVALID_XPATH_SELECTOR \
                or status in ErrorCode.INVALID_XPATH_SELECTOR_RETURN_TYPER:
            exception_class = InvalidSelectorException
        elif status in ErrorCode.ELEMENT_IS_NOT_SELECTABLE:
            exception_class = ElementNotSelectableException
        elif status in ErrorCode.ELEMENT_NOT_INTERACTABLE:
            exception_class = ElementNotInteractableException
        elif status in ErrorCode.INVALID_COOKIE_DOMAIN:
            exception_class = InvalidCookieDomainException
        elif status in ErrorCode.UNABLE_TO_SET_COOKIE:
            exception_class = UnableToSetCookieException
        elif status in ErrorCode.TIMEOUT:
            exception_class = TimeoutException
        elif status in ErrorCode.SCRIPT_TIMEOUT:
            exception_class = TimeoutException
        elif status in ErrorCode.UNKNOWN_ERROR:
            exception_class = WebDriverException
        elif status in ErrorCode.UNEXPECTED_ALERT_OPEN:
            exception_class = UnexpectedAlertPresentException
        elif status in ErrorCode.NO_ALERT_OPEN:
            exception_class = NoAlertPresentException
        elif status in ErrorCode.IME_NOT_AVAILABLE:
            exception_class = ImeNotAvailableException
        elif status in ErrorCode.IME_ENGINE_ACTIVATION_FAILED:
            exception_class = ImeActivationFailedException
        elif status in ErrorCode.MOVE_TARGET_OUT_OF_BOUNDS:
            exception_class = MoveTargetOutOfBoundsException
        elif status in ErrorCode.JAVASCRIPT_ERROR:
            exception_class = JavascriptException
        elif status in ErrorCode.SESSION_NOT_CREATED:
            exception_class = SessionNotCreatedException
        elif status in ErrorCode.INVALID_ARGUMENT:
            exception_class = InvalidArgumentException
        elif status in ErrorCode.NO_SUCH_COOKIE:
            exception_class = NoSuchCookieException
        elif status in ErrorCode.UNABLE_TO_CAPTURE_SCREEN:
            exception_class = ScreenshotException
        elif status in ErrorCode.ELEMENT_CLICK_INTERCEPTED:
            exception_class = ElementClickInterceptedException
        elif status in ErrorCode.INSECURE_CERTIFICATE:
            exception_class = InsecureCertificateException
        elif status in ErrorCode.INVALID_COORDINATES:
            exception_class = InvalidCoordinatesException
        elif status in ErrorCode.INVALID_SESSION_ID:
            exception_class = InvalidSessionIdException
        elif status in ErrorCode.UNKNOWN_METHOD:
            exception_class = UnknownMethodException
        else:
            exception_class = WebDriverException
        if not value:
            value = response['value']
        if isinstance(value, str):
            raise exception_class(value)
        if message == "" and 'message' in value:
            message = value['message']
    
        screen = None  # type: ignore[assignment]
        if 'screen' in value:
            screen = value['screen']
    
        stacktrace = None
        st_value = value.get('stackTrace') or value.get('stacktrace')
        if st_value:
            if isinstance(st_value, str):
                stacktrace = st_value.split('\n')
            else:
                stacktrace = []
                try:
                    for frame in st_value:
                        line = self._value_or_default(frame, 'lineNumber', '')
                        file = self._value_or_default(frame, 'fileName', '&lt;anonymous&gt;')
                        if line:
                            file = f"{file}:{line}"
                        meth = self._value_or_default(frame, 'methodName', '&lt;anonymous&gt;')
                        if 'className' in frame:
                            meth = "{}.{}".format(frame['className'], meth)
                        msg = "    at %s (%s)"
                        msg = msg % (meth, file)
                        stacktrace.append(msg)
                except TypeError:
                    pass
        if exception_class == UnexpectedAlertPresentException:
            alert_text = None
            if 'data' in value:
                alert_text = value['data'].get('text')
            elif 'alert' in value:
                alert_text = value['alert'].get('text')
            raise exception_class(message, screen, stacktrace, alert_text)  # type: ignore[call-arg]  # mypy is not smart enough here
&gt;       raise exception_class(message, screen, stacktrace)
E       selenium.common.exceptions.ElementNotInteractableException: Message: Element &lt;a class="onetrust-close-btn-handler onetrust-close-btn-ui banner-close-button onetrust-lg close-icon" href="javascript:void(0)"&gt; could not be scrolled into view
E       Stacktrace:
E       RemoteError@chrome://remote/content/shared/RemoteError.jsm:12:1
E       WebDriverError@chrome://remote/content/shared/webdriver/Errors.jsm:192:5
E       ElementNotInteractableError@chrome://remote/content/shared/webdriver/Errors.jsm:302:5
E       webdriverClickElement@chrome://remote/content/marionette/interaction.js:156:11
E       interaction.clickElement@chrome://remote/content/marionette/interaction.js:125:11
E       clickElement@chrome://remote/content/marionette/actors/MarionetteCommandsChild.jsm:204:29
E       receiveMessage@chrome://remote/content/marionette/actors/MarionetteCommandsChild.jsm:92:31

..\..\AppData\Local\Programs\Python\Python310\lib\site-packages\selenium\webdriver\remote\errorhandler.py:247: ElementNotInteractableException]]></message><stack-trace><![CDATA[C:\Users\logan.ferrera\AppData\Local\Programs\Python\Python310\lib\site-packages\selenium\webdriver\remote\errorhandler.py:247: selenium.common.exceptions.ElementNotInteractableException: Message: Element &lt;a class="onetrust-close-btn-handler onetrust-close-btn-ui banner-close-button onetrust-lg close-icon" href="javascript:void(0)"&gt; could not be scrolled into view]]></stack-trace></failure><reason><message><![CDATA[]]></message></reason><output><![CDATA[]]></output></test-case><test-case id="109" name="tests/test_reviews_page.py::Test_Reviews_Page::test_view_2_header[firefox]" fullname="tests/test_reviews_page.py::Test_Reviews_Page::test_view_2_header[firefox]" methodname="test_view_2_header[firefox]" classname="Test_Reviews_Page" runstate="Runnable" seed="1" result="Passed" label="" start-time="2022-10-05 18:56:50.753369" end-time="2022-10-05 18:56:53.989615" duration="3.236246" asserts="0"><properties><property name="python-version" value="3.10.5 (tags/v3.10.5:f377153, Jun  6 2022, 16:14:13) [MSC v.1929 64 bit (AMD64)]" /><property name="fspath" value="tests/test_reviews_page.py" /></properties><environment framework-version="3.6.2" clr-version="3.10.5 (tags/v3.10.5:f377153, Jun  6 2022, 16:14:13) [MSC v.1929 64 bit (AMD64)]" os-version="10" platform="Windows" cwd="C:\Users\logan.ferrera\Desktop\SeleniumAzure" machine-name="AMD64" user="" user-domain="" culture="en_US" uiculture="en_US" os-architecture="64bit" /><failure><message><![CDATA[[gw1] win32 -- Python 3.10.5 C:\Users\logan.ferrera\AppData\Local\Programs\Python\Python310\python.exe]]></message><stack-trace><![CDATA[None]]></stack-trace></failure><reason><message><![CDATA[]]></message></reason><output><![CDATA[]]></output></test-case><test-case id="110" name="tests/test_reviews_page.py::Test_Reviews_Page::test_view_2_sub_header[firefox]" fullname="tests/test_reviews_page.py::Test_Reviews_Page::test_view_2_sub_header[firefox]" methodname="test_view_2_sub_header[firefox]" classname="Test_Reviews_Page" runstate="Runnable" seed="1" result="Passed" label="" start-time="2022-10-05 18:56:59.978737" end-time="2022-10-05 18:57:04.549942" duration="4.571205" asserts="0"><properties><property name="python-version" value="3.10.5 (tags/v3.10.5:f377153, Jun  6 2022, 16:14:13) [MSC v.1929 64 bit (AMD64)]" /><property name="fspath" value="tests/test_reviews_page.py" /></properties><environment framework-version="3.6.2" clr-version="3.10.5 (tags/v3.10.5:f377153, Jun  6 2022, 16:14:13) [MSC v.1929 64 bit (AMD64)]" os-version="10" platform="Windows" cwd="C:\Users\logan.ferrera\Desktop\SeleniumAzure" machine-name="AMD64" user="" user-domain="" culture="en_US" uiculture="en_US" os-architecture="64bit" /><failure><message><![CDATA[[gw0] win32 -- Python 3.10.5 C:\Users\logan.ferrera\AppData\Local\Programs\Python\Python310\python.exe]]></message><stack-trace><![CDATA[None]]></stack-trace></failure><reason><message><![CDATA[]]></message></reason><output><![CDATA[]]></output></test-case><test-case id="111" name="tests/test_reviews_page.py::Test_Reviews_Page::test_view_2_google_button[firefox]" fullname="tests/test_reviews_page.py::Test_Reviews_Page::test_view_2_google_button[firefox]" methodname="test_view_2_google_button[firefox]" classname="Test_Reviews_Page" runstate="Runnable" seed="1" result="Passed" label="" start-time="2022-10-05 18:57:01.641709" end-time="2022-10-05 18:57:07.738831" duration="6.097122" asserts="0"><properties><property name="python-version" value="3.10.5 (tags/v3.10.5:f377153, Jun  6 2022, 16:14:13) [MSC v.1929 64 bit (AMD64)]" /><property name="fspath" value="tests/test_reviews_page.py" /></properties><environment framework-version="3.6.2" clr-version="3.10.5 (tags/v3.10.5:f377153, Jun  6 2022, 16:14:13) [MSC v.1929 64 bit (AMD64)]" os-version="10" platform="Windows" cwd="C:\Users\logan.ferrera\Desktop\SeleniumAzure" machine-name="AMD64" user="" user-domain="" culture="en_US" uiculture="en_US" os-architecture="64bit" /><failure><message><![CDATA[[gw2] win32 -- Python 3.10.5 C:\Users\logan.ferrera\AppData\Local\Programs\Python\Python310\python.exe]]></message><stack-trace><![CDATA[None]]></stack-trace></failure><reason><message><![CDATA[]]></message></reason><output><![CDATA[]]></output></test-case><test-case id="112" name="tests/test_reviews_page.py::Test_Reviews_Page::test_view_2_to_view_3_on_pencil_press[firefox]" fullname="tests/test_reviews_page.py::Test_Reviews_Page::test_view_2_to_view_3_on_pencil_press[firefox]" methodname="test_view_2_to_view_3_on_pencil_press[firefox]" classname="Test_Reviews_Page" runstate="Runnable" seed="1" result="Passed" label="" start-time="2022-10-05 18:57:07.411905" end-time="2022-10-05 18:57:13.283970" duration="5.872065" asserts="0"><properties><property name="python-version" value="3.10.5 (tags/v3.10.5:f377153, Jun  6 2022, 16:14:13) [MSC v.1929 64 bit (AMD64)]" /><property name="fspath" value="tests/test_reviews_page.py" /></properties><environment framework-version="3.6.2" clr-version="3.10.5 (tags/v3.10.5:f377153, Jun  6 2022, 16:14:13) [MSC v.1929 64 bit (AMD64)]" os-version="10" platform="Windows" cwd="C:\Users\logan.ferrera\Desktop\SeleniumAzure" machine-name="AMD64" user="" user-domain="" culture="en_US" uiculture="en_US" os-architecture="64bit" /><failure><message><![CDATA[[gw1] win32 -- Python 3.10.5 C:\Users\logan.ferrera\AppData\Local\Programs\Python\Python310\python.exe]]></message><stack-trace><![CDATA[None]]></stack-trace></failure><reason><message><![CDATA[]]></message></reason><output><![CDATA[]]></output></test-case><test-case id="113" name="tests/test_reviews_page.py::Test_Reviews_Page::test_aside_header[firefox]" fullname="tests/test_reviews_page.py::Test_Reviews_Page::test_aside_header[firefox]" methodname="test_aside_header[firefox]" classname="Test_Reviews_Page" runstate="Runnable" seed="1" result="Passed" label="" start-time="2022-10-05 18:57:17.453417" end-time="2022-10-05 18:57:21.219107" duration="3.76569" asserts="0"><properties><property name="python-version" value="3.10.5 (tags/v3.10.5:f377153, Jun  6 2022, 16:14:13) [MSC v.1929 64 bit (AMD64)]" /><property name="fspath" value="tests/test_reviews_page.py" /></properties><environment framework-version="3.6.2" clr-version="3.10.5 (tags/v3.10.5:f377153, Jun  6 2022, 16:14:13) [MSC v.1929 64 bit (AMD64)]" os-version="10" platform="Windows" cwd="C:\Users\logan.ferrera\Desktop\SeleniumAzure" machine-name="AMD64" user="" user-domain="" culture="en_US" uiculture="en_US" os-architecture="64bit" /><failure><message><![CDATA[[gw0] win32 -- Python 3.10.5 C:\Users\logan.ferrera\AppData\Local\Programs\Python\Python310\python.exe]]></message><stack-trace><![CDATA[None]]></stack-trace></failure><reason><message><![CDATA[]]></message></reason><output><![CDATA[]]></output></test-case><test-case id="114" name="tests/test_reviews_page.py::Test_Reviews_Page::test_more_reviews_on_scroll[firefox]" fullname="tests/test_reviews_page.py::Test_Reviews_Page::test_more_reviews_on_scroll[firefox]" methodname="test_more_reviews_on_scroll[firefox]" classname="Test_Reviews_Page" runstate="Runnable" seed="1" result="Passed" label="" start-time="2022-10-05 18:57:21.667583" end-time="2022-10-05 18:57:27.595557" duration="5.927974" asserts="0"><properties><property name="python-version" value="3.10.5 (tags/v3.10.5:f377153, Jun  6 2022, 16:14:13) [MSC v.1929 64 bit (AMD64)]" /><property name="fspath" value="tests/test_reviews_page.py" /></properties><environment framework-version="3.6.2" clr-version="3.10.5 (tags/v3.10.5:f377153, Jun  6 2022, 16:14:13) [MSC v.1929 64 bit (AMD64)]" os-version="10" platform="Windows" cwd="C:\Users\logan.ferrera\Desktop\SeleniumAzure" machine-name="AMD64" user="" user-domain="" culture="en_US" uiculture="en_US" os-architecture="64bit" /><failure><message><![CDATA[[gw2] win32 -- Python 3.10.5 C:\Users\logan.ferrera\AppData\Local\Programs\Python\Python310\python.exe]]></message><stack-trace><![CDATA[None]]></stack-trace></failure><reason><message><![CDATA[]]></message></reason><output><![CDATA[]]></output></test-case><test-case id="115" name="tests/test_reviews_page.py::Test_Reviews_Page::test_aside_body[firefox]" fullname="tests/test_reviews_page.py::Test_Reviews_Page::test_aside_body[firefox]" methodname="test_aside_body[firefox]" classname="Test_Reviews_Page" runstate="Runnable" seed="1" result="Passed" label="" start-time="2022-10-05 18:57:27.629558" end-time="2022-10-05 18:57:31.126051" duration="3.496493" asserts="0"><properties><property name="python-version" value="3.10.5 (tags/v3.10.5:f377153, Jun  6 2022, 16:14:13) [MSC v.1929 64 bit (AMD64)]" /><property name="fspath" value="tests/test_reviews_page.py" /></properties><environment framework-version="3.6.2" clr-version="3.10.5 (tags/v3.10.5:f377153, Jun  6 2022, 16:14:13) [MSC v.1929 64 bit (AMD64)]" os-version="10" platform="Windows" cwd="C:\Users\logan.ferrera\Desktop\SeleniumAzure" machine-name="AMD64" user="" user-domain="" culture="en_US" uiculture="en_US" os-architecture="64bit" /><failure><message><![CDATA[[gw1] win32 -- Python 3.10.5 C:\Users\logan.ferrera\AppData\Local\Programs\Python\Python310\python.exe]]></message><stack-trace><![CDATA[None]]></stack-trace></failure><reason><message><![CDATA[]]></message></reason><output><![CDATA[]]></output></test-case><test-case id="116" name="tests/test_reviews_page.py::Test_Reviews_Page::test_aside_button[firefox]" fullname="tests/test_reviews_page.py::Test_Reviews_Page::test_aside_button[firefox]" methodname="test_aside_button[firefox]" classname="Test_Reviews_Page" runstate="Runnable" seed="1" result="Passed" label="" start-time="2022-10-05 18:57:37.284595" end-time="2022-10-05 18:57:44.820575" duration="7.53598" asserts="0"><properties><property name="python-version" value="3.10.5 (tags/v3.10.5:f377153, Jun  6 2022, 16:14:13) [MSC v.1929 64 bit (AMD64)]" /><property name="fspath" value="tests/test_reviews_page.py" /></properties><environment framework-version="3.6.2" clr-version="3.10.5 (tags/v3.10.5:f377153, Jun  6 2022, 16:14:13) [MSC v.1929 64 bit (AMD64)]" os-version="10" platform="Windows" cwd="C:\Users\logan.ferrera\Desktop\SeleniumAzure" machine-name="AMD64" user="" user-domain="" culture="en_US" uiculture="en_US" os-architecture="64bit" /><failure><message><![CDATA[[gw0] win32 -- Python 3.10.5 C:\Users\logan.ferrera\AppData\Local\Programs\Python\Python310\python.exe]]></message><stack-trace><![CDATA[None]]></stack-trace></failure><reason><message><![CDATA[]]></message></reason><output><![CDATA[]]></output></test-case><environment framework-version="3.6.2" clr-version="3.10.5 (tags/v3.10.5:f377153, Jun  6 2022, 16:14:13) [MSC v.1929 64 bit (AMD64)]" os-version="10" platform="Windows" cwd="C:\Users\logan.ferrera\Desktop\SeleniumAzure" machine-name="AMD64" user="" user-domain="" culture="en_US" uiculture="en_US" os-architecture="64bit" /></test-suite></test-run>